#
# A fatal error has been detected by the Java Runtime Environment:
#
#  SIGSEGV (0xb) at pc=0x000000011e6643be, pid=2489, tid=69495
#
# JRE version: Java(TM) SE Runtime Environment (11.0.1+13) (build 11.0.1+13-LTS)
# Java VM: Java HotSpot(TM) 64-Bit Server VM (11.0.1+13-LTS, mixed mode, tiered, compressed oops, g1 gc, bsd-amd64)
# Problematic frame:
# J 1819 c2 renderer.Renderer.render()Ljava/awt/image/BufferedImage; (201 bytes) @ 0x000000011e6643be [0x000000011e663560+0x0000000000000e5e]
#
# No core dump will be written. Core dumps have been disabled. To enable core dumping, try "ulimit -c unlimited" before starting Java again
#
# If you would like to submit a bug report, please visit:
#   http://bugreport.java.com/bugreport/crash.jsp
#

---------------  S U M M A R Y ------------

Command Line: -Dfile.encoding=UTF-8 renderer.Renderer

Host: MacBookPro13,1 x86_64 2000 MHz, 4 cores, 8G, Darwin 16.7.0
Time: Tue Apr 30 14:51:54 2019 NZST elapsed time: 6 seconds (0d 0h 0m 6s)

---------------  T H R E A D  ---------------

Current thread (0x00007f9653ce6800):  JavaThread "AWT-EventQueue-0" [_thread_in_Java, id=69495, stack(0x0000700004466000,0x0000700004566000)]

Stack: [0x0000700004466000,0x0000700004566000],  sp=0x0000700004561710,  free space=1005k
Native frames: (J=compiled Java code, A=aot compiled Java code, j=interpreted, Vv=VM code, C=native code)
J 1819 c2 renderer.Renderer.render()Ljava/awt/image/BufferedImage; (201 bytes) @ 0x000000011e6643be [0x000000011e663560+0x0000000000000e5e]
j  renderer.GUI$1.paintComponent(Ljava/awt/Graphics;)V+4
j  javax.swing.JComponent.paint(Ljava/awt/Graphics;)V+286 java.desktop@11.0.1
j  javax.swing.JComponent.paintChildren(Ljava/awt/Graphics;)V+523 java.desktop@11.0.1
j  javax.swing.JComponent.paint(Ljava/awt/Graphics;)V+318 java.desktop@11.0.1
j  javax.swing.JComponent.paintChildren(Ljava/awt/Graphics;)V+523 java.desktop@11.0.1
j  javax.swing.JComponent.paint(Ljava/awt/Graphics;)V+318 java.desktop@11.0.1
j  javax.swing.JLayeredPane.paint(Ljava/awt/Graphics;)V+73 java.desktop@11.0.1
j  javax.swing.JComponent.paintChildren(Ljava/awt/Graphics;)V+523 java.desktop@11.0.1
j  javax.swing.JComponent.paintToOffscreen(Ljava/awt/Graphics;IIIIII)V+72 java.desktop@11.0.1
j  javax.swing.RepaintManager$PaintManager.paintDoubleBufferedImpl(Ljavax/swing/JComponent;Ljava/awt/Image;Ljava/awt/Graphics;IIII)V+163 java.desktop@11.0.1
j  javax.swing.RepaintManager$PaintManager.paintDoubleBuffered(Ljavax/swing/JComponent;Ljava/awt/Image;Ljava/awt/Graphics;IIII)V+46 java.desktop@11.0.1
j  javax.swing.RepaintManager$PaintManager.paint(Ljavax/swing/JComponent;Ljavax/swing/JComponent;Ljava/awt/Graphics;IIII)Z+128 java.desktop@11.0.1
j  javax.swing.RepaintManager.paint(Ljavax/swing/JComponent;Ljavax/swing/JComponent;Ljava/awt/Graphics;IIII)V+51 java.desktop@11.0.1
j  javax.swing.JComponent.paint(Ljava/awt/Graphics;)V+221 java.desktop@11.0.1
j  java.awt.GraphicsCallback$PaintCallback.run(Ljava/awt/Component;Ljava/awt/Graphics;)V+2 java.desktop@11.0.1
j  sun.awt.SunGraphicsCallback.runOneComponent(Ljava/awt/Component;Ljava/awt/Rectangle;Ljava/awt/Graphics;Ljava/awt/Shape;I)V+155 java.desktop@11.0.1
j  sun.awt.SunGraphicsCallback.runComponents([Ljava/awt/Component;Ljava/awt/Graphics;I)V+157 java.desktop@11.0.1
j  java.awt.Container.paint(Ljava/awt/Graphics;)V+58 java.desktop@11.0.1
j  java.awt.Window.paint(Ljava/awt/Graphics;)V+68 java.desktop@11.0.1
j  javax.swing.RepaintManager$4.run()Ljava/lang/Void;+142 java.desktop@11.0.1
j  javax.swing.RepaintManager$4.run()Ljava/lang/Object;+1 java.desktop@11.0.1
v  ~StubRoutines::call_stub
V  [libjvm.dylib+0x3a7512]  _ZN9JavaCalls11call_helperEP9JavaValueRK12methodHandleP17JavaCallArgumentsP6Thread+0x21a
V  [libjvm.dylib+0x421bc7]  JVM_DoPrivileged+0x6d2
J 1032  java.security.AccessController.doPrivileged(Ljava/security/PrivilegedAction;Ljava/security/AccessControlContext;)Ljava/lang/Object; java.base@11.0.1 (0 bytes) @ 0x000000011e62c2a8 [0x000000011e62c1c0+0x00000000000000e8]
J 1037 c1 java.security.ProtectionDomain$JavaSecurityAccessImpl.doIntersectionPrivilege(Ljava/security/PrivilegedAction;Ljava/security/AccessControlContext;Ljava/security/AccessControlContext;)Ljava/lang/Object; java.base@11.0.1 (22 bytes) @ 0x00000001172890cc [0x0000000117288da0+0x000000000000032c]
j  javax.swing.RepaintManager.paintDirtyRegions(Ljava/util/Map;)V+154 java.desktop@11.0.1
j  javax.swing.RepaintManager.paintDirtyRegions()V+46 java.desktop@11.0.1
j  javax.swing.RepaintManager.prePaintDirtyRegions()V+73 java.desktop@11.0.1
j  javax.swing.RepaintManager$ProcessingRunnable.run()V+37 java.desktop@11.0.1
J 1509 c1 java.awt.event.InvocationEvent.dispatch()V java.desktop@11.0.1 (69 bytes) @ 0x000000011737b24c [0x000000011737b020+0x000000000000022c]
J 1494 c1 java.awt.EventQueue.dispatchEventImpl(Ljava/awt/AWTEvent;Ljava/lang/Object;)V java.desktop@11.0.1 (136 bytes) @ 0x000000011736b1fc [0x0000000117369840+0x00000000000019bc]
J 1446 c1 java.awt.EventQueue$4.run()Ljava/lang/Void; java.desktop@11.0.1 (60 bytes) @ 0x000000011734d33c [0x000000011734d200+0x000000000000013c]
J 1445 c1 java.awt.EventQueue$4.run()Ljava/lang/Object; java.desktop@11.0.1 (5 bytes) @ 0x000000011734ce44 [0x000000011734cdc0+0x0000000000000084]
v  ~StubRoutines::call_stub
V  [libjvm.dylib+0x3a7512]  _ZN9JavaCalls11call_helperEP9JavaValueRK12methodHandleP17JavaCallArgumentsP6Thread+0x21a
V  [libjvm.dylib+0x421bc7]  JVM_DoPrivileged+0x6d2
J 1032  java.security.AccessController.doPrivileged(Ljava/security/PrivilegedAction;Ljava/security/AccessControlContext;)Ljava/lang/Object; java.base@11.0.1 (0 bytes) @ 0x000000011e62c2a8 [0x000000011e62c1c0+0x00000000000000e8]
J 1441 c1 java.awt.EventQueue.dispatchEvent(Ljava/awt/AWTEvent;)V java.desktop@11.0.1 (80 bytes) @ 0x000000011734a294 [0x0000000117349b20+0x0000000000000774]
J 1452 c1 java.awt.EventDispatchThread.pumpOneEventForFilters(I)V java.desktop@11.0.1 (113 bytes) @ 0x0000000117350174 [0x000000011734fa20+0x0000000000000754]
j  java.awt.EventDispatchThread.pumpEventsForFilter(ILjava/awt/Conditional;Ljava/awt/EventFilter;)V+35 java.desktop@11.0.1
j  java.awt.EventDispatchThread.pumpEventsForHierarchy(ILjava/awt/Conditional;Ljava/awt/Component;)V+11 java.desktop@11.0.1
j  java.awt.EventDispatchThread.pumpEvents(ILjava/awt/Conditional;)V+4 java.desktop@11.0.1
j  java.awt.EventDispatchThread.pumpEvents(Ljava/awt/Conditional;)V+3 java.desktop@11.0.1
j  java.awt.EventDispatchThread.run()V+9 java.desktop@11.0.1
v  ~StubRoutines::call_stub
V  [libjvm.dylib+0x3a7512]  _ZN9JavaCalls11call_helperEP9JavaValueRK12methodHandleP17JavaCallArgumentsP6Thread+0x21a
V  [libjvm.dylib+0x3a695c]  _ZN9JavaCalls12call_virtualEP9JavaValueP5KlassP6SymbolS5_P17JavaCallArgumentsP6Thread+0xee
V  [libjvm.dylib+0x3a6a18]  _ZN9JavaCalls12call_virtualEP9JavaValue6HandleP5KlassP6SymbolS6_P6Thread+0x62
V  [libjvm.dylib+0x42a620]  _ZL12thread_entryP10JavaThreadP6Thread+0x78
V  [libjvm.dylib+0x700342]  _ZN10JavaThread17thread_main_innerEv+0x82
V  [libjvm.dylib+0x70018d]  _ZN10JavaThread3runEv+0x1ab
V  [libjvm.dylib+0x600ad3]  _ZL19thread_native_entryP6Thread+0x135
C  [libsystem_pthread.dylib+0x393b]  _pthread_body+0xb4
C  [libsystem_pthread.dylib+0x3887]  _pthread_body+0x0
C  [libsystem_pthread.dylib+0x308d]  thread_start+0xd


siginfo: si_signo: 11 (SIGSEGV), si_code: 1 (SEGV_MAPERR), si_addr: 0x0000000b87733b48

Register to memory mapping:

RAX=0x00000000000000dd is an unknown value
RBX=0x0000000000000086 is an unknown value
RCX=0x000000000000000f is an unknown value
RDX=0x0000000787699c90 is an oop
[F 
{0x0000000787699c90} - klass: {type array float}
 - length: 80
RSP=0x0000700004561710 is pointing into the stack for thread: 0x00007f9653ce6800
RBP=0x00000000f0ed333e is an unknown value
RSI=0x0 is NULL
RDI=0x00000000ffffff30 is an unknown value
R8 =0x00000000c3502893 is an unknown value
R9 =0x00000000f0ed3336 is an unknown value
R10=0x0 is NULL
R11=0x0000000787733e80 is an oop
[[F 
{0x0000000787733e80} - klass: {type array float}[]
 - length: 600
R12=0x0 is NULL
R13=0x00000000ffffff2e is an unknown value
R14=0x0000000000000374 is an unknown value
R15=0x00007f9653ce6800 is a thread


Registers:
RAX=0x00000000000000dd, RBX=0x0000000000000086, RCX=0x000000000000000f, RDX=0x0000000787699c90
RSP=0x0000700004561710, RBP=0x00000000f0ed333e, RSI=0x0000000000000000, RDI=0x00000000ffffff30
R8 =0x00000000c3502893, R9 =0x00000000f0ed3336, R10=0x0000000000000000, R11=0x0000000787733e80
R12=0x0000000000000000, R13=0x00000000ffffff2e, R14=0x0000000000000374, R15=0x00007f9653ce6800
RIP=0x000000011e6643be, EFLAGS=0x0000000000010282, ERR=0x0000000000000004
  TRAPNO=0x000000000000000e

Top of Stack: (sp=0x0000700004561710)
0x0000700004561710:   00000008000e1580 0000000800069690
0x0000700004561720:   00000007808029c0 00000007879cf060
0x0000700004561730:   0000000787733e80 0000005000000050
0x0000700004561740:   0000000000000050 00000007876999ec
0x0000700004561750:   00000007876999e0 00000007876999b0
0x0000700004561760:   00000007879bd598 0000012c000000dd
0x0000700004561770:   000001400000003a 00000007879baef8
0x0000700004561780:   000000010000003b 00000007876999d0
0x0000700004561790:   00000007876999e4 00000007876999e8
0x00007000045617a0:   0000700004561840 000000012a0d8e38
0x00007000045617b0:   0000700004561820 0000000116b15a00
0x00007000045617c0:   0000000129e70a80 0000000116b15a00
0x00007000045617d0:   00000007808029c0 00007000045617d8
0x00007000045617e0:   0000000129f0ec64 0000700004561840
0x00007000045617f0:   0000000129f0fdf0 0000000000000000
0x0000700004561800:   0000000780796700 0000000129f0ece8
0x0000700004561810:   00007000045617d0 0000700004561838
0x0000700004561820:   0000700004561890 0000000116b15ca7
0x0000700004561830:   0000000000000000 00000007879cee50
0x0000700004561840:   00000007808027c0 0000700004561848
0x0000700004561850:   0000000129e69986 0000700004561918
0x0000700004561860:   000000012a0d8e38 0000000000000000
0x0000700004561870:   00000007807f5090 0000000129e69b28
0x0000700004561880:   0000700004561838 0000700004561910
0x0000700004561890:   0000700004561978 0000000116b15ca7
0x00007000045618a0:   0000000000000000 0000000000000000
0x00007000045618b0:   0000000000000000 0000000000000000
0x00007000045618c0:   0000000000000000 0000000000000258
0x00007000045618d0:   0000000000000258 0000000000000000
0x00007000045618e0:   0000000000000000 00000007879cef68
0x00007000045618f0:   00000007807f6cb8 00000007879cee50
0x0000700004561900:   00000007879cec70 0000000000000000 

Instructions: (pc=0x000000011e6643be)
0x000000011e66439e:   00 00 41 85 03 44 3b ef 0f 8d bf fd ff ff 41 81
0x000000011e6643ae:   fd 58 02 00 00 0f 8d f7 00 00 00 4c 8b 5c 24 20
0x000000011e6643be:   47 8b 44 ab 10 43 8b 4c c4 0c 8b d8 3b c1 0f 83
0x000000011e6643ce:   40 0c 00 00 4f 8d 1c c4 c4 81 7a 10 54 33 10 c5 



---------------  P R O C E S S  ---------------

Threads class SMR info:
_java_thread_list=0x00007f9651d80790, length=15, elements={
0x00007f96520c6800, 0x00007f9652801000, 0x00007f9653018800, 0x00007f965281f000,
0x00007f9653800000, 0x00007f9653801000, 0x00007f9652008800, 0x00007f96528b6000,
0x00007f96528d2800, 0x00007f9653a56800, 0x00007f96521f5800, 0x00007f9652214800,
0x00007f9653ce6800, 0x00007f965709b000, 0x00007f9652b70000
}

Java Threads: ( => current thread )
  0x00007f96520c6800 JavaThread "Reference Handler" daemon [_thread_blocked, id=15619, stack(0x00007000036b9000,0x00007000037b9000)]
  0x00007f9652801000 JavaThread "Finalizer" daemon [_thread_blocked, id=16387, stack(0x00007000037bc000,0x00007000038bc000)]
  0x00007f9653018800 JavaThread "Signal Dispatcher" daemon [_thread_blocked, id=20231, stack(0x0000700003942000,0x0000700003a42000)]
  0x00007f965281f000 JavaThread "C2 CompilerThread0" daemon [_thread_blocked, id=20995, stack(0x0000700003a45000,0x0000700003b45000)]
  0x00007f9653800000 JavaThread "C1 CompilerThread0" daemon [_thread_blocked, id=21763, stack(0x0000700003b48000,0x0000700003c48000)]
  0x00007f9653801000 JavaThread "Sweeper thread" daemon [_thread_blocked, id=22531, stack(0x0000700003c4b000,0x0000700003d4b000)]
  0x00007f9652008800 JavaThread "Service Thread" daemon [_thread_blocked, id=23299, stack(0x0000700003d4e000,0x0000700003e4e000)]
  0x00007f96528b6000 JavaThread "Common-Cleaner" daemon [_thread_blocked, id=24579, stack(0x0000700003f54000,0x0000700004054000)]
  0x00007f96528d2800 JavaThread "AppKit Thread" daemon [_thread_in_native, id=775, stack(0x00007fff56112000,0x00007fff56912000)]
  0x00007f9653a56800 JavaThread "AWT-Shutdown" [_thread_blocked, id=36867, stack(0x00007000040da000,0x00007000041da000)]
  0x00007f96521f5800 JavaThread "Java2D Queue Flusher" daemon [_thread_blocked, id=60675, stack(0x0000700004260000,0x0000700004360000)]
  0x00007f9652214800 JavaThread "Java2D Disposer" daemon [_thread_blocked, id=64003, stack(0x0000700004363000,0x0000700004463000)]
=>0x00007f9653ce6800 JavaThread "AWT-EventQueue-0" [_thread_in_Java, id=69495, stack(0x0000700004466000,0x0000700004566000)]
  0x00007f965709b000 JavaThread "DestroyJavaVM" [_thread_blocked, id=8195, stack(0x000000010a0fb000,0x000000010a1fb000)]
  0x00007f9652b70000 JavaThread "TimerQueue" daemon [_thread_blocked, id=78143, stack(0x0000700004b7b000,0x0000700004c7b000)]

Other Threads:
  0x00007f96520c7800 VMThread "VM Thread" [stack: 0x00007000035b6000,0x00007000036b6000] [id=14851]
  0x00007f96528b5000 WatcherThread [stack: 0x0000700003e51000,0x0000700003f51000] [id=23811]
  0x00007f9652019000 GCTaskThread "GC Thread#0" [stack: 0x00007000030a7000,0x00007000031a7000] [id=11779]
  0x00007f9652dc7800 GCTaskThread "GC Thread#1" [stack: 0x0000700004569000,0x0000700004669000] [id=71291]
  0x00007f9652b26800 GCTaskThread "GC Thread#2" [stack: 0x000070000466c000,0x000070000476c000] [id=72715]
  0x00007f9652b27000 GCTaskThread "GC Thread#3" [stack: 0x000070000476f000,0x000070000486f000] [id=73219]
  0x00007f9652049800 ConcurrentGCThread "G1 Main Marker" [stack: 0x00007000031aa000,0x00007000032aa000] [id=12291]
  0x00007f965204a800 ConcurrentGCThread "G1 Conc#0" [stack: 0x00007000032ad000,0x00007000033ad000] [id=13315]
  0x00007f965209b000 ConcurrentGCThread "G1 Refine#0" [stack: 0x00007000033b0000,0x00007000034b0000] [id=13827]
  0x00007f9653f76000 ConcurrentGCThread "G1 Refine#1" [stack: 0x0000700004872000,0x0000700004972000] [id=73731]
  0x00007f9653179000 ConcurrentGCThread "G1 Refine#2" [stack: 0x0000700004975000,0x0000700004a75000] [id=74243]
  0x00007f965314a800 ConcurrentGCThread "G1 Refine#3" [stack: 0x0000700004a78000,0x0000700004b78000] [id=74755]
  0x00007f965209c000 ConcurrentGCThread "G1 Young RemSet Sampling" [stack: 0x00007000034b3000,0x00007000035b3000] [id=14339]

Threads with active compile tasks:

VM state:not at safepoint (normal execution)

VM Mutex/Monitor currently owned by a thread: None

Heap address: 0x0000000780000000, size: 2048 MB, Compressed Oops mode: Zero based, Oop shift amount: 3
Narrow klass base: 0x0000000800000000, Narrow klass shift: 0
Compressed class space size: 1073741824 Address: 0x0000000800000000

Heap:
 garbage-first heap   total 131072K, used 25528K [0x0000000780000000, 0x0000000800000000)
  region size 1024K, 14 young (14336K), 4 survivors (4096K)
 Metaspace       used 19559K, capacity 20113K, committed 20480K, reserved 1067008K
  class space    used 2227K, capacity 2461K, committed 2560K, reserved 1048576K
Heap Regions: E=young(eden), S=young(survivor), O=old, HS=humongous(starts), HC=humongous(continues), CS=collection set, F=free, A=archive, TAMS=top-at-mark-start (previous, next)
|   0|0x0000000780000000, 0x0000000780100000, 0x0000000780100000|100%|HS|  |TAMS 0x0000000780000000, 0x0000000780000000| Complete 
|   1|0x0000000780100000, 0x0000000780200000, 0x0000000780200000|100%|HC|  |TAMS 0x0000000780100000, 0x0000000780100000| Complete 
|   2|0x0000000780200000, 0x0000000780300000, 0x0000000780300000|100%| O|  |TAMS 0x0000000780200000, 0x0000000780200000| Untracked 
|   3|0x0000000780300000, 0x0000000780400000, 0x0000000780400000|100%| O|  |TAMS 0x0000000780300000, 0x0000000780300000| Untracked 
|   4|0x0000000780400000, 0x0000000780500000, 0x0000000780500000|100%| O|  |TAMS 0x0000000780400000, 0x0000000780400000| Untracked 
|   5|0x0000000780500000, 0x0000000780500000, 0x0000000780600000|  0%| F|  |TAMS 0x0000000780500000, 0x0000000780500000| Untracked 
|   6|0x0000000780600000, 0x0000000780600000, 0x0000000780700000|  0%| F|  |TAMS 0x0000000780600000, 0x0000000780600000| Untracked 
|   7|0x0000000780700000, 0x0000000780800000, 0x0000000780800000|100%| O|  |TAMS 0x0000000780700000, 0x0000000780700000| Untracked 
|   8|0x0000000780800000, 0x0000000780900000, 0x0000000780900000|100%| O|  |TAMS 0x0000000780800000, 0x0000000780800000| Untracked 
|   9|0x0000000780900000, 0x0000000780a00000, 0x0000000780a00000|100%|HS|  |TAMS 0x0000000780900000, 0x0000000780900000| Complete 
|  10|0x0000000780a00000, 0x0000000780b00000, 0x0000000780b00000|100%|HC|  |TAMS 0x0000000780a00000, 0x0000000780a00000| Complete 
|  11|0x0000000780b00000, 0x0000000780c00000, 0x0000000780c00000|100%|HS|  |TAMS 0x0000000780b00000, 0x0000000780b00000| Complete 
|  12|0x0000000780c00000, 0x0000000780d00000, 0x0000000780d00000|100%|HC|  |TAMS 0x0000000780c00000, 0x0000000780c00000| Complete 
|  13|0x0000000780d00000, 0x0000000780dee000, 0x0000000780e00000| 92%| O|  |TAMS 0x0000000780d00000, 0x0000000780d00000| Untracked 
|  14|0x0000000780e00000, 0x0000000780e00000, 0x0000000780f00000|  0%| F|  |TAMS 0x0000000780e00000, 0x0000000780e00000| Untracked 
|  15|0x0000000780f00000, 0x0000000780f00000, 0x0000000781000000|  0%| F|  |TAMS 0x0000000780f00000, 0x0000000780f00000| Untracked 
|  16|0x0000000781000000, 0x0000000781000000, 0x0000000781100000|  0%| F|  |TAMS 0x0000000781000000, 0x0000000781000000| Untracked 
|  17|0x0000000781100000, 0x0000000781100000, 0x0000000781200000|  0%| F|  |TAMS 0x0000000781100000, 0x0000000781100000| Untracked 
|  18|0x0000000781200000, 0x0000000781200000, 0x0000000781300000|  0%| F|  |TAMS 0x0000000781200000, 0x0000000781200000| Untracked 
|  19|0x0000000781300000, 0x0000000781300000, 0x0000000781400000|  0%| F|  |TAMS 0x0000000781300000, 0x0000000781300000| Untracked 
|  20|0x0000000781400000, 0x0000000781400000, 0x0000000781500000|  0%| F|  |TAMS 0x0000000781400000, 0x0000000781400000| Untracked 
|  21|0x0000000781500000, 0x0000000781500000, 0x0000000781600000|  0%| F|  |TAMS 0x0000000781500000, 0x0000000781500000| Untracked 
|  22|0x0000000781600000, 0x0000000781600000, 0x0000000781700000|  0%| F|  |TAMS 0x0000000781600000, 0x0000000781600000| Untracked 
|  23|0x0000000781700000, 0x0000000781700000, 0x0000000781800000|  0%| F|  |TAMS 0x0000000781700000, 0x0000000781700000| Untracked 
|  24|0x0000000781800000, 0x0000000781800000, 0x0000000781900000|  0%| F|  |TAMS 0x0000000781800000, 0x0000000781800000| Untracked 
|  25|0x0000000781900000, 0x0000000781900000, 0x0000000781a00000|  0%| F|  |TAMS 0x0000000781900000, 0x0000000781900000| Untracked 
|  26|0x0000000781a00000, 0x0000000781a00000, 0x0000000781b00000|  0%| F|  |TAMS 0x0000000781a00000, 0x0000000781a00000| Untracked 
|  27|0x0000000781b00000, 0x0000000781b00000, 0x0000000781c00000|  0%| F|  |TAMS 0x0000000781b00000, 0x0000000781b00000| Untracked 
|  28|0x0000000781c00000, 0x0000000781c00000, 0x0000000781d00000|  0%| F|  |TAMS 0x0000000781c00000, 0x0000000781c00000| Untracked 
|  29|0x0000000781d00000, 0x0000000781d00000, 0x0000000781e00000|  0%| F|  |TAMS 0x0000000781d00000, 0x0000000781d00000| Untracked 
|  30|0x0000000781e00000, 0x0000000781e00000, 0x0000000781f00000|  0%| F|  |TAMS 0x0000000781e00000, 0x0000000781e00000| Untracked 
|  31|0x0000000781f00000, 0x0000000781f00000, 0x0000000782000000|  0%| F|  |TAMS 0x0000000781f00000, 0x0000000781f00000| Untracked 
|  32|0x0000000782000000, 0x0000000782000000, 0x0000000782100000|  0%| F|  |TAMS 0x0000000782000000, 0x0000000782000000| Untracked 
|  33|0x0000000782100000, 0x0000000782100000, 0x0000000782200000|  0%| F|  |TAMS 0x0000000782100000, 0x0000000782100000| Untracked 
|  34|0x0000000782200000, 0x0000000782200000, 0x0000000782300000|  0%| F|  |TAMS 0x0000000782200000, 0x0000000782200000| Untracked 
|  35|0x0000000782300000, 0x0000000782300000, 0x0000000782400000|  0%| F|  |TAMS 0x0000000782300000, 0x0000000782300000| Untracked 
|  36|0x0000000782400000, 0x0000000782400000, 0x0000000782500000|  0%| F|  |TAMS 0x0000000782400000, 0x0000000782400000| Untracked 
|  37|0x0000000782500000, 0x0000000782500000, 0x0000000782600000|  0%| F|  |TAMS 0x0000000782500000, 0x0000000782500000| Untracked 
|  38|0x0000000782600000, 0x0000000782600000, 0x0000000782700000|  0%| F|  |TAMS 0x0000000782600000, 0x0000000782600000| Untracked 
|  39|0x0000000782700000, 0x0000000782700000, 0x0000000782800000|  0%| F|  |TAMS 0x0000000782700000, 0x0000000782700000| Untracked 
|  40|0x0000000782800000, 0x0000000782800000, 0x0000000782900000|  0%| F|  |TAMS 0x0000000782800000, 0x0000000782800000| Untracked 
|  41|0x0000000782900000, 0x0000000782900000, 0x0000000782a00000|  0%| F|  |TAMS 0x0000000782900000, 0x0000000782900000| Untracked 
|  42|0x0000000782a00000, 0x0000000782a00000, 0x0000000782b00000|  0%| F|  |TAMS 0x0000000782a00000, 0x0000000782a00000| Untracked 
|  43|0x0000000782b00000, 0x0000000782b00000, 0x0000000782c00000|  0%| F|  |TAMS 0x0000000782b00000, 0x0000000782b00000| Untracked 
|  44|0x0000000782c00000, 0x0000000782c00000, 0x0000000782d00000|  0%| F|  |TAMS 0x0000000782c00000, 0x0000000782c00000| Untracked 
|  45|0x0000000782d00000, 0x0000000782d00000, 0x0000000782e00000|  0%| F|  |TAMS 0x0000000782d00000, 0x0000000782d00000| Untracked 
|  46|0x0000000782e00000, 0x0000000782e00000, 0x0000000782f00000|  0%| F|  |TAMS 0x0000000782e00000, 0x0000000782e00000| Untracked 
|  47|0x0000000782f00000, 0x0000000782f00000, 0x0000000783000000|  0%| F|  |TAMS 0x0000000782f00000, 0x0000000782f00000| Untracked 
|  48|0x0000000783000000, 0x0000000783000000, 0x0000000783100000|  0%| F|  |TAMS 0x0000000783000000, 0x0000000783000000| Untracked 
|  49|0x0000000783100000, 0x0000000783100000, 0x0000000783200000|  0%| F|  |TAMS 0x0000000783100000, 0x0000000783100000| Untracked 
|  50|0x0000000783200000, 0x0000000783200000, 0x0000000783300000|  0%| F|  |TAMS 0x0000000783200000, 0x0000000783200000| Untracked 
|  51|0x0000000783300000, 0x0000000783300000, 0x0000000783400000|  0%| F|  |TAMS 0x0000000783300000, 0x0000000783300000| Untracked 
|  52|0x0000000783400000, 0x0000000783400000, 0x0000000783500000|  0%| F|  |TAMS 0x0000000783400000, 0x0000000783400000| Untracked 
|  53|0x0000000783500000, 0x0000000783500000, 0x0000000783600000|  0%| F|  |TAMS 0x0000000783500000, 0x0000000783500000| Untracked 
|  54|0x0000000783600000, 0x0000000783600000, 0x0000000783700000|  0%| F|  |TAMS 0x0000000783600000, 0x0000000783600000| Untracked 
|  55|0x0000000783700000, 0x0000000783700000, 0x0000000783800000|  0%| F|  |TAMS 0x0000000783700000, 0x0000000783700000| Untracked 
|  56|0x0000000783800000, 0x0000000783800000, 0x0000000783900000|  0%| F|  |TAMS 0x0000000783800000, 0x0000000783800000| Untracked 
|  57|0x0000000783900000, 0x0000000783900000, 0x0000000783a00000|  0%| F|  |TAMS 0x0000000783900000, 0x0000000783900000| Untracked 
|  58|0x0000000783a00000, 0x0000000783a00000, 0x0000000783b00000|  0%| F|  |TAMS 0x0000000783a00000, 0x0000000783a00000| Untracked 
|  59|0x0000000783b00000, 0x0000000783b00000, 0x0000000783c00000|  0%| F|  |TAMS 0x0000000783b00000, 0x0000000783b00000| Untracked 
|  60|0x0000000783c00000, 0x0000000783c00000, 0x0000000783d00000|  0%| F|  |TAMS 0x0000000783c00000, 0x0000000783c00000| Untracked 
|  61|0x0000000783d00000, 0x0000000783d00000, 0x0000000783e00000|  0%| F|  |TAMS 0x0000000783d00000, 0x0000000783d00000| Untracked 
|  62|0x0000000783e00000, 0x0000000783e00000, 0x0000000783f00000|  0%| F|  |TAMS 0x0000000783e00000, 0x0000000783e00000| Untracked 
|  63|0x0000000783f00000, 0x0000000783f00000, 0x0000000784000000|  0%| F|  |TAMS 0x0000000783f00000, 0x0000000783f00000| Untracked 
|  64|0x0000000784000000, 0x0000000784000000, 0x0000000784100000|  0%| F|  |TAMS 0x0000000784000000, 0x0000000784000000| Untracked 
|  65|0x0000000784100000, 0x0000000784100000, 0x0000000784200000|  0%| F|  |TAMS 0x0000000784100000, 0x0000000784100000| Untracked 
|  66|0x0000000784200000, 0x0000000784200000, 0x0000000784300000|  0%| F|  |TAMS 0x0000000784200000, 0x0000000784200000| Untracked 
|  67|0x0000000784300000, 0x0000000784300000, 0x0000000784400000|  0%| F|  |TAMS 0x0000000784300000, 0x0000000784300000| Untracked 
|  68|0x0000000784400000, 0x0000000784400000, 0x0000000784500000|  0%| F|  |TAMS 0x0000000784400000, 0x0000000784400000| Untracked 
|  69|0x0000000784500000, 0x0000000784500000, 0x0000000784600000|  0%| F|  |TAMS 0x0000000784500000, 0x0000000784500000| Untracked 
|  70|0x0000000784600000, 0x0000000784600000, 0x0000000784700000|  0%| F|  |TAMS 0x0000000784600000, 0x0000000784600000| Untracked 
|  71|0x0000000784700000, 0x0000000784700000, 0x0000000784800000|  0%| F|  |TAMS 0x0000000784700000, 0x0000000784700000| Untracked 
|  72|0x0000000784800000, 0x0000000784800000, 0x0000000784900000|  0%| F|  |TAMS 0x0000000784800000, 0x0000000784800000| Untracked 
|  73|0x0000000784900000, 0x0000000784900000, 0x0000000784a00000|  0%| F|  |TAMS 0x0000000784900000, 0x0000000784900000| Untracked 
|  74|0x0000000784a00000, 0x0000000784a00000, 0x0000000784b00000|  0%| F|  |TAMS 0x0000000784a00000, 0x0000000784a00000| Untracked 
|  75|0x0000000784b00000, 0x0000000784b00000, 0x0000000784c00000|  0%| F|  |TAMS 0x0000000784b00000, 0x0000000784b00000| Untracked 
|  76|0x0000000784c00000, 0x0000000784c00000, 0x0000000784d00000|  0%| F|  |TAMS 0x0000000784c00000, 0x0000000784c00000| Untracked 
|  77|0x0000000784d00000, 0x0000000784d00000, 0x0000000784e00000|  0%| F|  |TAMS 0x0000000784d00000, 0x0000000784d00000| Untracked 
|  78|0x0000000784e00000, 0x0000000784e00000, 0x0000000784f00000|  0%| F|  |TAMS 0x0000000784e00000, 0x0000000784e00000| Untracked 
|  79|0x0000000784f00000, 0x0000000784f00000, 0x0000000785000000|  0%| F|  |TAMS 0x0000000784f00000, 0x0000000784f00000| Untracked 
|  80|0x0000000785000000, 0x0000000785000000, 0x0000000785100000|  0%| F|  |TAMS 0x0000000785000000, 0x0000000785000000| Untracked 
|  81|0x0000000785100000, 0x0000000785100000, 0x0000000785200000|  0%| F|  |TAMS 0x0000000785100000, 0x0000000785100000| Untracked 
|  82|0x0000000785200000, 0x0000000785200000, 0x0000000785300000|  0%| F|  |TAMS 0x0000000785200000, 0x0000000785200000| Untracked 
|  83|0x0000000785300000, 0x0000000785300000, 0x0000000785400000|  0%| F|  |TAMS 0x0000000785300000, 0x0000000785300000| Untracked 
|  84|0x0000000785400000, 0x0000000785400000, 0x0000000785500000|  0%| F|  |TAMS 0x0000000785400000, 0x0000000785400000| Untracked 
|  85|0x0000000785500000, 0x0000000785500000, 0x0000000785600000|  0%| F|  |TAMS 0x0000000785500000, 0x0000000785500000| Untracked 
|  86|0x0000000785600000, 0x0000000785600000, 0x0000000785700000|  0%| F|  |TAMS 0x0000000785600000, 0x0000000785600000| Untracked 
|  87|0x0000000785700000, 0x0000000785700000, 0x0000000785800000|  0%| F|  |TAMS 0x0000000785700000, 0x0000000785700000| Untracked 
|  88|0x0000000785800000, 0x0000000785800000, 0x0000000785900000|  0%| F|  |TAMS 0x0000000785800000, 0x0000000785800000| Untracked 
|  89|0x0000000785900000, 0x0000000785900000, 0x0000000785a00000|  0%| F|  |TAMS 0x0000000785900000, 0x0000000785900000| Untracked 
|  90|0x0000000785a00000, 0x0000000785a00000, 0x0000000785b00000|  0%| F|  |TAMS 0x0000000785a00000, 0x0000000785a00000| Untracked 
|  91|0x0000000785b00000, 0x0000000785b00000, 0x0000000785c00000|  0%| F|  |TAMS 0x0000000785b00000, 0x0000000785b00000| Untracked 
|  92|0x0000000785c00000, 0x0000000785c00000, 0x0000000785d00000|  0%| F|  |TAMS 0x0000000785c00000, 0x0000000785c00000| Untracked 
|  93|0x0000000785d00000, 0x0000000785d00000, 0x0000000785e00000|  0%| F|  |TAMS 0x0000000785d00000, 0x0000000785d00000| Untracked 
|  94|0x0000000785e00000, 0x0000000785e00000, 0x0000000785f00000|  0%| F|  |TAMS 0x0000000785e00000, 0x0000000785e00000| Untracked 
|  95|0x0000000785f00000, 0x0000000785f00000, 0x0000000786000000|  0%| F|  |TAMS 0x0000000785f00000, 0x0000000785f00000| Untracked 
|  96|0x0000000786000000, 0x0000000786000000, 0x0000000786100000|  0%| F|  |TAMS 0x0000000786000000, 0x0000000786000000| Untracked 
|  97|0x0000000786100000, 0x0000000786100000, 0x0000000786200000|  0%| F|  |TAMS 0x0000000786100000, 0x0000000786100000| Untracked 
|  98|0x0000000786200000, 0x0000000786200000, 0x0000000786300000|  0%| F|  |TAMS 0x0000000786200000, 0x0000000786200000| Untracked 
|  99|0x0000000786300000, 0x0000000786400000, 0x0000000786400000|100%| S|CS|TAMS 0x0000000786300000, 0x0000000786300000| Complete 
| 100|0x0000000786400000, 0x0000000786500000, 0x0000000786500000|100%| S|CS|TAMS 0x0000000786400000, 0x0000000786400000| Complete 
| 101|0x0000000786500000, 0x0000000786600000, 0x0000000786600000|100%| S|CS|TAMS 0x0000000786500000, 0x0000000786500000| Complete 
| 102|0x0000000786600000, 0x0000000786700000, 0x0000000786700000|100%| S|CS|TAMS 0x0000000786600000, 0x0000000786600000| Complete 
| 103|0x0000000786700000, 0x0000000786700000, 0x0000000786800000|  0%| F|  |TAMS 0x0000000786700000, 0x0000000786700000| Untracked 
| 104|0x0000000786800000, 0x0000000786800000, 0x0000000786900000|  0%| F|  |TAMS 0x0000000786800000, 0x0000000786800000| Untracked 
| 105|0x0000000786900000, 0x0000000786900000, 0x0000000786a00000|  0%| F|  |TAMS 0x0000000786900000, 0x0000000786900000| Untracked 
| 106|0x0000000786a00000, 0x0000000786a00000, 0x0000000786b00000|  0%| F|  |TAMS 0x0000000786a00000, 0x0000000786a00000| Untracked 
| 107|0x0000000786b00000, 0x0000000786b00000, 0x0000000786c00000|  0%| F|  |TAMS 0x0000000786b00000, 0x0000000786b00000| Untracked 
| 108|0x0000000786c00000, 0x0000000786c00000, 0x0000000786d00000|  0%| F|  |TAMS 0x0000000786c00000, 0x0000000786c00000| Untracked 
| 109|0x0000000786d00000, 0x0000000786d00000, 0x0000000786e00000|  0%| F|  |TAMS 0x0000000786d00000, 0x0000000786d00000| Untracked 
| 110|0x0000000786e00000, 0x0000000786e00000, 0x0000000786f00000|  0%| F|  |TAMS 0x0000000786e00000, 0x0000000786e00000| Untracked 
| 111|0x0000000786f00000, 0x0000000786f00000, 0x0000000787000000|  0%| F|  |TAMS 0x0000000786f00000, 0x0000000786f00000| Untracked 
| 112|0x0000000787000000, 0x0000000787000000, 0x0000000787100000|  0%| F|  |TAMS 0x0000000787000000, 0x0000000787000000| Untracked 
| 113|0x0000000787100000, 0x0000000787100000, 0x0000000787200000|  0%| F|  |TAMS 0x0000000787100000, 0x0000000787100000| Untracked 
| 114|0x0000000787200000, 0x0000000787200000, 0x0000000787300000|  0%| F|  |TAMS 0x0000000787200000, 0x0000000787200000| Untracked 
| 115|0x0000000787300000, 0x0000000787300000, 0x0000000787400000|  0%| F|  |TAMS 0x0000000787300000, 0x0000000787300000| Untracked 
| 116|0x0000000787400000, 0x0000000787400000, 0x0000000787500000|  0%| F|  |TAMS 0x0000000787400000, 0x0000000787400000| Untracked 
| 117|0x0000000787500000, 0x0000000787500000, 0x0000000787600000|  0%| F|  |TAMS 0x0000000787500000, 0x0000000787500000| Untracked 
| 118|0x0000000787600000, 0x0000000787700000, 0x0000000787700000|100%| E|  |TAMS 0x0000000787600000, 0x0000000787600000| Complete 
| 119|0x0000000787700000, 0x0000000787800000, 0x0000000787800000|100%| E|CS|TAMS 0x0000000787700000, 0x0000000787700000| Complete 
| 120|0x0000000787800000, 0x0000000787900000, 0x0000000787900000|100%| E|CS|TAMS 0x0000000787800000, 0x0000000787800000| Complete 
| 121|0x0000000787900000, 0x0000000787a00000, 0x0000000787a00000|100%| E|CS|TAMS 0x0000000787900000, 0x0000000787900000| Complete 
| 122|0x0000000787a00000, 0x0000000787b00000, 0x0000000787b00000|100%| E|CS|TAMS 0x0000000787a00000, 0x0000000787a00000| Complete 
| 123|0x0000000787b00000, 0x0000000787c00000, 0x0000000787c00000|100%| E|CS|TAMS 0x0000000787b00000, 0x0000000787b00000| Complete 
| 124|0x0000000787c00000, 0x0000000787d00000, 0x0000000787d00000|100%| E|CS|TAMS 0x0000000787c00000, 0x0000000787c00000| Complete 
| 125|0x0000000787d00000, 0x0000000787e00000, 0x0000000787e00000|100%| E|CS|TAMS 0x0000000787d00000, 0x0000000787d00000| Complete 
| 126|0x0000000787e00000, 0x0000000787f00000, 0x0000000787f00000|100%| E|CS|TAMS 0x0000000787e00000, 0x0000000787e00000| Complete 
| 127|0x0000000787f00000, 0x0000000788000000, 0x0000000788000000|100%| E|CS|TAMS 0x0000000787f00000, 0x0000000787f00000| Complete 

Card table byte_map: [0x000000011374c000,0x0000000113b4c000] _byte_map_base: 0x000000010fb4c000

Marking Bits (Prev, Next): (CMBitMap*) 0x00007f9652041218, (CMBitMap*) 0x00007f9652041250
 Prev Bits: [0x0000000113f4c000, 0x0000000115f4c000)
 Next Bits: [0x0000000125b0c000, 0x0000000127b0c000)

Polling page: 0x000000010a1fe000

Metaspace:

Usage:
  Non-class:     17.24 MB capacity,    16.93 MB ( 98%) used,   266.56 KB (  2%) free+waste,    53.62 KB ( <1%) overhead. 
      Class:      2.40 MB capacity,     2.18 MB ( 91%) used,   204.48 KB (  8%) free+waste,    28.69 KB (  1%) overhead. 
       Both:     19.64 MB capacity,    19.10 MB ( 97%) used,   471.05 KB (  2%) free+waste,    82.31 KB ( <1%) overhead. 

Virtual space:
  Non-class space:       18.00 MB reserved,      17.50 MB ( 97%) committed 
      Class space:        1.00 GB reserved,       2.50 MB ( <1%) committed 
             Both:        1.02 GB reserved,      20.00 MB (  2%) committed 

Chunk freelists:
   Non-Class:  3.00 KB
       Class:  384 bytes
        Both:  3.38 KB

CodeHeap 'non-profiled nmethods': size=120032Kb used=609Kb max_used=609Kb free=119422Kb
 bounds [0x000000011e5d4000, 0x000000011e844000, 0x0000000125b0c000]
CodeHeap 'profiled nmethods': size=120032Kb used=3664Kb max_used=3664Kb free=116367Kb
 bounds [0x000000011709c000, 0x000000011743c000, 0x000000011e5d4000]
CodeHeap 'non-nmethods': size=5696Kb used=1257Kb max_used=1273Kb free=4438Kb
 bounds [0x0000000116b0c000, 0x0000000116d7c000, 0x000000011709c000]
 total_blobs=2781 nmethods=1830 adapters=573
 compilation: enabled
              stopped_count=0, restarted_count=0
 full_count=0

Compilation events (10 events):
Event: 6.820 Thread 0x00007f9653800000 1829       3       java.awt.Rectangle::setRect (135 bytes)
Event: 6.821 Thread 0x00007f9653800000 nmethod 1829 0x000000011742cc10 code [0x000000011742ce40, 0x000000011742d4b8]
Event: 6.821 Thread 0x00007f9653800000 1831       3       sun.java2d.SunGraphics2D::getClipBounds (21 bytes)
Event: 6.822 Thread 0x00007f9653800000 nmethod 1831 0x000000011742d690 code [0x000000011742d880, 0x000000011742dcc8]
Event: 6.822 Thread 0x00007f9653800000 1832       3       sun.java2d.SunGraphics2D::getClipBounds (102 bytes)
Event: 6.823 Thread 0x00007f9653800000 nmethod 1832 0x000000011742de90 code [0x000000011742e1a0, 0x000000011742f968]
Event: 6.823 Thread 0x00007f9653800000 1834       3       java.awt.Rectangle::getY (6 bytes)
Event: 6.823 Thread 0x00007f9653800000 nmethod 1834 0x000000011742ff10 code [0x00000001174300c0, 0x0000000117430210]
Event: 6.823 Thread 0x00007f9653800000 1833       1       sun.java2d.opengl.CGLSurfaceData::getDeviceConfiguration (5 bytes)
Event: 6.823 Thread 0x00007f9653800000 nmethod 1833 0x000000011e66b090 code [0x000000011e66b240, 0x000000011e66b350]

GC Heap History (6 events):
Event: 1.998 GC heap before
{Heap before GC invocations=0 (full 0):
 garbage-first heap   total 131072K, used 16384K [0x0000000780000000, 0x0000000800000000)
  region size 1024K, 14 young (14336K), 0 survivors (0K)
 Metaspace       used 16893K, capacity 17358K, committed 17664K, reserved 1064960K
  class space    used 1996K, capacity 2202K, committed 2304K, reserved 1048576K
}
Event: 2.009 GC heap after
{Heap after GC invocations=1 (full 0):
 garbage-first heap   total 131072K, used 6498K [0x0000000780000000, 0x0000000800000000)
  region size 1024K, 2 young (2048K), 2 survivors (2048K)
 Metaspace       used 16893K, capacity 17358K, committed 17664K, reserved 1064960K
  class space    used 1996K, capacity 2202K, committed 2304K, reserved 1048576K
}
Event: 2.295 GC heap before
{Heap before GC invocations=1 (full 0):
 garbage-first heap   total 131072K, used 29026K [0x0000000780000000, 0x0000000800000000)
  region size 1024K, 22 young (22528K), 2 survivors (2048K)
 Metaspace       used 17110K, capacity 17585K, committed 17920K, reserved 1064960K
  class space    used 2018K, capacity 2235K, committed 2304K, reserved 1048576K
}
Event: 2.305 GC heap after
{Heap after GC invocations=2 (full 0):
 garbage-first heap   total 131072K, used 8871K [0x0000000780000000, 0x0000000800000000)
  region size 1024K, 1 young (1024K), 1 survivors (1024K)
 Metaspace       used 17110K, capacity 17585K, committed 17920K, reserved 1064960K
  class space    used 2018K, capacity 2235K, committed 2304K, reserved 1048576K
}
Event: 6.400 GC heap before
{Heap before GC invocations=2 (full 0):
 garbage-first heap   total 131072K, used 37543K [0x0000000780000000, 0x0000000800000000)
  region size 1024K, 25 young (25600K), 1 survivors (1024K)
 Metaspace       used 19553K, capacity 20113K, committed 20480K, reserved 1067008K
  class space    used 2227K, capacity 2461K, committed 2560K, reserved 1048576K
}
Event: 6.408 GC heap after
{Heap after GC invocations=3 (full 0):
 garbage-first heap   total 131072K, used 16312K [0x0000000780000000, 0x0000000800000000)
  region size 1024K, 4 young (4096K), 4 survivors (4096K)
 Metaspace       used 19553K, capacity 20113K, committed 20480K, reserved 1067008K
  class space    used 2227K, capacity 2461K, committed 2560K, reserved 1048576K
}

Deoptimization events (10 events):
Event: 3.286 Thread 0x00007f9653ce6800 Uncommon trap: reason=unstable_if action=reinterpret pc=0x000000011e619b0c method=java.lang.AbstractStringBuilder.putStringAt(ILjava/lang/String;)V @ 8 c2
Event: 3.286 Thread 0x00007f9653ce6800 Uncommon trap: reason=unstable_if action=reinterpret pc=0x000000011e618424 method=java.lang.AbstractStringBuilder.putStringAt(ILjava/lang/String;)V @ 8 c2
Event: 3.286 Thread 0x00007f9653ce6800 Uncommon trap: reason=unstable_if action=reinterpret pc=0x000000011e6093f4 method=java.lang.String.getBytes([BIB)V @ 5 c2
Event: 3.286 Thread 0x00007f9653ce6800 Uncommon trap: reason=unstable_if action=reinterpret pc=0x000000011e61e748 method=java.lang.StringLatin1.canEncode(I)Z @ 4 c2
Event: 3.291 Thread 0x00007f9653ce6800 Uncommon trap: reason=unstable_if action=reinterpret pc=0x000000011e5e79d4 method=java.lang.StringLatin1.canEncode(I)Z @ 4 c2
Event: 3.351 Thread 0x00007f9653ce6800 Uncommon trap: reason=unstable_if action=reinterpret pc=0x000000011e6424bc method=java.lang.String.equals(Ljava/lang/Object;)Z @ 34 c2
Event: 5.092 Thread 0x00007f9653ce6800 Uncommon trap: reason=intrinsic_or_type_checked_inlining action=make_not_entrant pc=0x000000011e65097c method=java.util.Arrays.copyOf([Ljava/lang/Object;ILjava/lang/Class;)[Ljava/lang/Object; @ 35 c2
Event: 5.371 Thread 0x00007f9653ce6800 Uncommon trap: reason=null_assert_or_unreached0 action=make_not_entrant pc=0x000000011e629c74 method=renderer.Renderer.render()Ljava/awt/image/BufferedImage; @ 75 c2
Event: 6.380 Thread 0x00007f9653ce6800 Uncommon trap: reason=unstable_if action=reinterpret pc=0x000000011e65e5a8 method=java.lang.Math.round(F)I @ 36 c2
Event: 6.384 Thread 0x00007f9653ce6800 Uncommon trap: reason=null_assert_or_unreached0 action=make_not_entrant pc=0x000000011e624424 method=renderer.Renderer.render()Ljava/awt/image/BufferedImage; @ 75 c2

Classes redefined (0 events):
No events

Internal exceptions (10 events):
Event: 1.879 Thread 0x00007f965200d000 Exception <a 'java/lang/NoSuchMethodError'{0x0000000787545470}: java.lang.invoke.DirectMethodHandle$Holder.invokeStatic(Ljava/lang/Object;IIII)Ljava/lang/Object;> (0x0000000787545470) thrown at [/scratch/mesos/slaves/83bb4d84-382c-4ead-b585-d8ef0018fefe-S
Event: 1.880 Thread 0x00007f965200d000 Exception <a 'java/lang/NoSuchMethodError'{0x0000000787590858}: java.lang.invoke.DirectMethodHandle$Holder.invokeSpecial(Ljava/lang/Object;Ljava/lang/Object;IIII)Ljava/lang/Object;> (0x0000000787590858) thrown at [/scratch/mesos/slaves/83bb4d84-382c-4ead-
Event: 1.880 Thread 0x00007f965200d000 Exception <a 'java/lang/NoSuchMethodError'{0x0000000787593988}: java.lang.invoke.Invokers$Holder.linkToTargetMethod(IIIILjava/lang/Object;)Ljava/lang/Object;> (0x0000000787593988) thrown at [/scratch/mesos/slaves/83bb4d84-382c-4ead-b585-d8ef0018fefe-S1933
Event: 1.891 Thread 0x00007f96528d2800 Exception <a 'java/lang/NoSuchMethodError'{0x000000078792be80}: java.lang.invoke.DirectMethodHandle$Holder.invokeSpecial(Ljava/lang/Object;Ljava/lang/Object;J)V> (0x000000078792be80) thrown at [/scratch/mesos/slaves/83bb4d84-382c-4ead-b585-d8ef0018fefe-S1
Event: 1.923 Thread 0x00007f965200d000 Exception <a 'java/lang/NoSuchMethodError'{0x00000007875ac670}: java.lang.invoke.DirectMethodHandle$Holder.invokeStatic(Ljava/lang/Object;JJ)V> (0x00000007875ac670) thrown at [/scratch/mesos/slaves/83bb4d84-382c-4ead-b585-d8ef0018fefe-S19331/frameworks/17
Event: 1.923 Thread 0x00007f965200d000 Exception <a 'java/lang/NoSuchMethodError'{0x00000007875b1858}: java.lang.invoke.DirectMethodHandle$Holder.invokeStatic(Ljava/lang/Object;J)Ljava/lang/Object;> (0x00000007875b1858) thrown at [/scratch/mesos/slaves/83bb4d84-382c-4ead-b585-d8ef0018fefe-S193
Event: 1.926 Thread 0x00007f965200d000 Exception <a 'java/lang/NoSuchMethodError'{0x00000007875c07c8}: java.lang.invoke.Invokers$Holder.linkToTargetMethod(Ljava/lang/Object;ILjava/lang/Object;)Ljava/lang/Object;> (0x00000007875c07c8) thrown at [/scratch/mesos/slaves/83bb4d84-382c-4ead-b585-d8e
Event: 1.976 Thread 0x00007f9653ce6800 Exception <a 'java/lang/NoSuchMethodError'{0x00000007877f9240}: java.lang.invoke.DirectMethodHandle$Holder.invokeStatic(Ljava/lang/Object;IILjava/lang/Object;Ljava/lang/Object;Ljava/lang/Object;)Ljava/lang/Object;> (0x00000007877f9240) thrown at [/scratch
Event: 3.233 Thread 0x00007f9653ce6800 Exception <a 'java/lang/NoSuchMethodError'{0x0000000787dcacf8}: java.lang.invoke.DirectMethodHandle$Holder.invokeStatic(Ljava/lang/Object;Ljava/lang/Object;IIII)Ljava/lang/Object;> (0x0000000787dcacf8) thrown at [/scratch/mesos/slaves/83bb4d84-382c-4ead-b
Event: 3.233 Thread 0x00007f9653ce6800 Exception <a 'java/lang/NoSuchMethodError'{0x0000000787dd19b0}: java.lang.invoke.Invokers$Holder.linkToTargetMethod(Ljava/lang/Object;IIIILjava/lang/Object;)Ljava/lang/Object;> (0x0000000787dd19b0) thrown at [/scratch/mesos/slaves/83bb4d84-382c-4ead-b585-

Events (10 events):
Event: 6.395 Thread 0x00007f9653ce6800 DEOPT PACKING pc=0x000000011740e36a sp=0x0000700004561680
Event: 6.395 Thread 0x00007f9653ce6800 DEOPT UNPACKING pc=0x0000000116b347ba sp=0x0000700004560b68 mode 0
Event: 6.395 Thread 0x00007f9653ce6800 DEOPT PACKING pc=0x000000011740e36a sp=0x0000700004561680
Event: 6.395 Thread 0x00007f9653ce6800 DEOPT UNPACKING pc=0x0000000116b347ba sp=0x0000700004560b68 mode 0
Event: 6.395 Thread 0x00007f9653ce6800 DEOPT PACKING pc=0x000000011740e36a sp=0x0000700004561680
Event: 6.395 Thread 0x00007f9653ce6800 DEOPT UNPACKING pc=0x0000000116b347ba sp=0x0000700004560b68 mode 0
Event: 6.397 Thread 0x00007f9653ce6800 DEOPT PACKING pc=0x0000000117413c34 sp=0x0000700004561690
Event: 6.397 Thread 0x00007f9653ce6800 DEOPT UNPACKING pc=0x0000000116b347ba sp=0x0000700004560b90 mode 0
Event: 6.400 Executing VM operation: G1CollectForAllocation
Event: 6.408 Executing VM operation: G1CollectForAllocation done


Dynamic libraries:
0x00007fff7c498000 	/System/Library/Frameworks/Cocoa.framework/Versions/A/Cocoa
0x00007fff82d3e000 	/System/Library/Frameworks/Security.framework/Versions/A/Security
0x00007fff7b34f000 	/System/Library/Frameworks/ApplicationServices.framework/Versions/A/ApplicationServices
0x00007fff921bc000 	/usr/lib/libz.1.dylib
0x00007fff90cbb000 	/usr/lib/libSystem.B.dylib
0x00007fff7ca2e000 	/System/Library/Frameworks/CoreFoundation.framework/Versions/A/CoreFoundation
0x00007fff7e4a6000 	/System/Library/Frameworks/Foundation.framework/Versions/C/Foundation
0x00007fff91969000 	/usr/lib/libobjc.A.dylib
0x00007fff7a564000 	/System/Library/Frameworks/AppKit.framework/Versions/C/AppKit
0x00007fff7c684000 	/System/Library/Frameworks/CoreData.framework/Versions/A/CoreData
0x00007fff8d740000 	/System/Library/PrivateFrameworks/RemoteViewServices.framework/Versions/A/RemoteViewServices
0x00007fff8f72b000 	/System/Library/PrivateFrameworks/UIFoundation.framework/Versions/A/UIFoundation
0x00007fff88acc000 	/System/Library/PrivateFrameworks/DFRFoundation.framework/Versions/A/DFRFoundation
0x00007fff912ac000 	/usr/lib/libenergytrace.dylib
0x00007fff8e56d000 	/System/Library/PrivateFrameworks/SkyLight.framework/Versions/A/SkyLight
0x00007fff7cec8000 	/System/Library/Frameworks/CoreGraphics.framework/Versions/A/CoreGraphics
0x00007fff90cb6000 	/usr/lib/libScreenReader.dylib
0x00007fff79586000 	/System/Library/Frameworks/Accelerate.framework/Versions/A/Accelerate
0x00007fff7eaa4000 	/System/Library/Frameworks/IOSurface.framework/Versions/A/IOSurface
0x00007fff7b873000 	/System/Library/Frameworks/AudioToolbox.framework/Versions/A/AudioToolbox
0x00007fff7ba80000 	/System/Library/Frameworks/AudioUnit.framework/Versions/A/AudioUnit
0x00007fff88b11000 	/System/Library/PrivateFrameworks/DataDetectorsCore.framework/Versions/A/DataDetectorsCore
0x00007fff88c02000 	/System/Library/PrivateFrameworks/DesktopServicesPriv.framework/Versions/A/DesktopServicesPriv
0x00007fff7bfe5000 	/System/Library/Frameworks/Carbon.framework/Versions/A/Frameworks/HIToolbox.framework/Versions/A/HIToolbox
0x00007fff913b5000 	/usr/lib/libicucore.A.dylib
0x00007fff825d3000 	/System/Library/Frameworks/QuartzCore.framework/Versions/A/QuartzCore
0x00007fff7c3b1000 	/System/Library/Frameworks/Carbon.framework/Versions/A/Frameworks/SpeechRecognition.framework/Versions/A/SpeechRecognition
0x00007fff90dd4000 	/usr/lib/libauto.dylib
0x00007fff920a2000 	/usr/lib/libxml2.2.dylib
0x00007fff88786000 	/System/Library/PrivateFrameworks/CoreUI.framework/Versions/A/CoreUI
0x00007fff7c5e2000 	/System/Library/Frameworks/CoreAudio.framework/Versions/A/CoreAudio
0x00007fff7e30f000 	/System/Library/Frameworks/DiskArbitration.framework/Versions/A/DiskArbitration
0x00007fff915e0000 	/usr/lib/liblangid.dylib
0x00007fff8c626000 	/System/Library/PrivateFrameworks/MultitouchSupport.framework/Versions/A/MultitouchSupport
0x00007fff7ea0d000 	/System/Library/Frameworks/IOKit.framework/Versions/A/IOKit
0x00007fff90a7c000 	/usr/lib/libDiagnosticMessagesClient.dylib
0x00007fff7d8f3000 	/System/Library/Frameworks/CoreServices.framework/Versions/A/CoreServices
0x00007fff8cfe4000 	/System/Library/PrivateFrameworks/PerformanceAnalysis.framework/Versions/A/PerformanceAnalysis
0x00007fff8aa54000 	/System/Library/PrivateFrameworks/GenerationalStorage.framework/Versions/A/GenerationalStorage
0x00007fff81a73000 	/System/Library/Frameworks/OpenGL.framework/Versions/A/OpenGL
0x00007fff7d54b000 	/System/Library/Frameworks/CoreImage.framework/Versions/A/CoreImage
0x00007fff7e01c000 	/System/Library/Frameworks/CoreText.framework/Versions/A/CoreText
0x00007fff7eafd000 	/System/Library/Frameworks/ImageIO.framework/Versions/A/ImageIO
0x00007fff86343000 	/System/Library/PrivateFrameworks/Backup.framework/Versions/A/Backup
0x00007fff90d28000 	/usr/lib/libarchive.2.dylib
0x00007fff7bbe9000 	/System/Library/Frameworks/CFNetwork.framework/Versions/A/CFNetwork
0x00007fff8346b000 	/System/Library/Frameworks/SystemConfiguration.framework/Versions/A/SystemConfiguration
0x00007fff909c3000 	/usr/lib/libCRFSuite.dylib
0x00007fff90df5000 	/usr/lib/libc++.1.dylib
0x00007fff90e4c000 	/usr/lib/libc++abi.dylib
0x00007fff921dc000 	/usr/lib/system/libcache.dylib
0x00007fff921e1000 	/usr/lib/system/libcommonCrypto.dylib
0x00007fff921ec000 	/usr/lib/system/libcompiler_rt.dylib
0x00007fff921f4000 	/usr/lib/system/libcopyfile.dylib
0x00007fff921fd000 	/usr/lib/system/libcorecrypto.dylib
0x00007fff92281000 	/usr/lib/system/libdispatch.dylib
0x00007fff922b3000 	/usr/lib/system/libdyld.dylib
0x00007fff922b9000 	/usr/lib/system/libkeymgr.dylib
0x00007fff922c7000 	/usr/lib/system/liblaunch.dylib
0x00007fff922c8000 	/usr/lib/system/libmacho.dylib
0x00007fff922ce000 	/usr/lib/system/libquarantine.dylib
0x00007fff922d1000 	/usr/lib/system/libremovefile.dylib
0x00007fff922d3000 	/usr/lib/system/libsystem_asl.dylib
0x00007fff922ec000 	/usr/lib/system/libsystem_blocks.dylib
0x00007fff922ed000 	/usr/lib/system/libsystem_c.dylib
0x00007fff9237b000 	/usr/lib/system/libsystem_configuration.dylib
0x00007fff9237f000 	/usr/lib/system/libsystem_coreservices.dylib
0x00007fff92383000 	/usr/lib/system/libsystem_coretls.dylib
0x00007fff9239c000 	/usr/lib/system/libsystem_dnssd.dylib
0x00007fff923a3000 	/usr/lib/system/libsystem_info.dylib
0x00007fff923cd000 	/usr/lib/system/libsystem_kernel.dylib
0x00007fff923f0000 	/usr/lib/system/libsystem_m.dylib
0x00007fff92438000 	/usr/lib/system/libsystem_malloc.dylib
0x00007fff92457000 	/usr/lib/system/libsystem_network.dylib
0x00007fff924b1000 	/usr/lib/system/libsystem_networkextension.dylib
0x00007fff924bb000 	/usr/lib/system/libsystem_notify.dylib
0x00007fff924c5000 	/usr/lib/system/libsystem_platform.dylib
0x00007fff924ce000 	/usr/lib/system/libsystem_pthread.dylib
0x00007fff924d9000 	/usr/lib/system/libsystem_sandbox.dylib
0x00007fff924dd000 	/usr/lib/system/libsystem_secinit.dylib
0x00007fff924df000 	/usr/lib/system/libsystem_symptoms.dylib
0x00007fff924e7000 	/usr/lib/system/libsystem_trace.dylib
0x00007fff924fb000 	/usr/lib/system/libunwind.dylib
0x00007fff92501000 	/usr/lib/system/libxpc.dylib
0x00007fff90dd5000 	/usr/lib/libbsm.0.dylib
0x00007fff922ba000 	/usr/lib/system/libkxld.dylib
0x00007fff90e9e000 	/usr/lib/libcoretls.dylib
0x00007fff90e9f000 	/usr/lib/libcoretls_cfhelpers.dylib
0x00007fff90cb5000 	/usr/lib/libOpenScriptingUtil.dylib
0x00007fff91d3e000 	/usr/lib/libpam.2.dylib
0x00007fff91dfd000 	/usr/lib/libsqlite3.dylib
0x00007fff92094000 	/usr/lib/libxar.1.dylib
0x00007fff90de6000 	/usr/lib/libbz2.1.0.dylib
0x00007fff915e2000 	/usr/lib/liblzma.5.dylib
0x00007fff918ee000 	/usr/lib/libnetwork.dylib
0x00007fff91d43000 	/usr/lib/libpcap.A.dylib
0x00007fff7dc56000 	/System/Library/Frameworks/CoreServices.framework/Versions/A/Frameworks/FSEvents.framework/Versions/A/FSEvents
0x00007fff7d946000 	/System/Library/Frameworks/CoreServices.framework/Versions/A/Frameworks/CarbonCore.framework/Versions/A/CarbonCore
0x00007fff7ddcc000 	/System/Library/Frameworks/CoreServices.framework/Versions/A/Frameworks/Metadata.framework/Versions/A/Metadata
0x00007fff7de7d000 	/System/Library/Frameworks/CoreServices.framework/Versions/A/Frameworks/OSServices.framework/Versions/A/OSServices
0x00007fff7dedd000 	/System/Library/Frameworks/CoreServices.framework/Versions/A/Frameworks/SearchKit.framework/Versions/A/SearchKit
0x00007fff7d8f4000 	/System/Library/Frameworks/CoreServices.framework/Versions/A/Frameworks/AE.framework/Versions/A/AE
0x00007fff7dc5f000 	/System/Library/Frameworks/CoreServices.framework/Versions/A/Frameworks/LaunchServices.framework/Versions/A/LaunchServices
0x00007fff7dc22000 	/System/Library/Frameworks/CoreServices.framework/Versions/A/Frameworks/DictionaryServices.framework/Versions/A/DictionaryServices
0x00007fff7df4e000 	/System/Library/Frameworks/CoreServices.framework/Versions/A/Frameworks/SharedFileList.framework/Versions/A/SharedFileList
0x00007fff80c97000 	/System/Library/Frameworks/NetFS.framework/Versions/A/NetFS
0x00007fff8c700000 	/System/Library/PrivateFrameworks/NetAuth.framework/Versions/A/NetAuth
0x00007fff9096c000 	/System/Library/PrivateFrameworks/login.framework/Versions/A/Frameworks/loginsupport.framework/Versions/A/loginsupport
0x00007fff8f55d000 	/System/Library/PrivateFrameworks/TCC.framework/Versions/A/TCC
0x00007fff91613000 	/usr/lib/libmecabra.dylib
0x00007fff7b350000 	/System/Library/Frameworks/ApplicationServices.framework/Versions/A/Frameworks/ATS.framework/Versions/A/ATS
0x00007fff7b6d0000 	/System/Library/Frameworks/ApplicationServices.framework/Versions/A/Frameworks/ColorSync.framework/Versions/A/ColorSync
0x00007fff7b77b000 	/System/Library/Frameworks/ApplicationServices.framework/Versions/A/Frameworks/HIServices.framework/Versions/A/HIServices
0x00007fff7b7cd000 	/System/Library/Frameworks/ApplicationServices.framework/Versions/A/Frameworks/LangAnalysis.framework/Versions/A/LangAnalysis
0x00007fff7b7dd000 	/System/Library/Frameworks/ApplicationServices.framework/Versions/A/Frameworks/PrintCore.framework/Versions/A/PrintCore
0x00007fff7b82b000 	/System/Library/Frameworks/ApplicationServices.framework/Versions/A/Frameworks/QD.framework/Versions/A/QD
0x00007fff7b867000 	/System/Library/Frameworks/ApplicationServices.framework/Versions/A/Frameworks/SpeechSynthesis.framework/Versions/A/SpeechSynthesis
0x00007fff7959f000 	/System/Library/Frameworks/Accelerate.framework/Versions/A/Frameworks/vImage.framework/Versions/A/vImage
0x00007fff7a2a5000 	/System/Library/Frameworks/Accelerate.framework/Versions/A/Frameworks/vecLib.framework/Versions/A/vecLib
0x00007fff7a06a000 	/System/Library/Frameworks/Accelerate.framework/Versions/A/Frameworks/vecLib.framework/Versions/A/libvDSP.dylib
0x00007fff79c2b000 	/System/Library/Frameworks/Accelerate.framework/Versions/A/Frameworks/vecLib.framework/Versions/A/libBNNS.dylib
0x00007fff7a04e000 	/System/Library/Frameworks/Accelerate.framework/Versions/A/Frameworks/vecLib.framework/Versions/A/libQuadrature.dylib
0x00007fff7a1f2000 	/System/Library/Frameworks/Accelerate.framework/Versions/A/Frameworks/vecLib.framework/Versions/A/libvMisc.dylib
0x00007fff79c40000 	/System/Library/Frameworks/Accelerate.framework/Versions/A/Frameworks/vecLib.framework/Versions/A/libLAPACK.dylib
0x00007fff79ab9000 	/System/Library/Frameworks/Accelerate.framework/Versions/A/Frameworks/vecLib.framework/Versions/A/libBLAS.dylib
0x00007fff7a037000 	/System/Library/Frameworks/Accelerate.framework/Versions/A/Frameworks/vecLib.framework/Versions/A/libLinearAlgebra.dylib
0x00007fff7a055000 	/System/Library/Frameworks/Accelerate.framework/Versions/A/Frameworks/vecLib.framework/Versions/A/libSparseBLAS.dylib
0x00007fff7b458000 	/System/Library/Frameworks/ApplicationServices.framework/Versions/A/Frameworks/ATS.framework/Versions/A/Resources/libFontParser.dylib
0x00007fff7b588000 	/System/Library/Frameworks/ApplicationServices.framework/Versions/A/Frameworks/ATS.framework/Versions/A/Resources/libFontRegistry.dylib
0x00007fff7ed54000 	/System/Library/Frameworks/ImageIO.framework/Versions/A/Resources/libJPEG.dylib
0x00007fff7eda3000 	/System/Library/Frameworks/ImageIO.framework/Versions/A/Resources/libTIFF.dylib
0x00007fff7ed78000 	/System/Library/Frameworks/ImageIO.framework/Versions/A/Resources/libPng.dylib
0x00007fff7ec5e000 	/System/Library/Frameworks/ImageIO.framework/Versions/A/Resources/libGIF.dylib
0x00007fff7ec63000 	/System/Library/Frameworks/ImageIO.framework/Versions/A/Resources/libJP2.dylib
0x00007fff7eda0000 	/System/Library/Frameworks/ImageIO.framework/Versions/A/Resources/libRadiance.dylib
0x00007fff90e87000 	/usr/lib/libcompression.dylib
0x00007fff85e85000 	/System/Library/PrivateFrameworks/AppleJPEG.framework/Versions/A/AppleJPEG
0x00007fff911dc000 	/usr/lib/libcups.2.dylib
0x00007fff7fb5a000 	/System/Library/Frameworks/Kerberos.framework/Versions/A/Kerberos
0x00007fff7e878000 	/System/Library/Frameworks/GSS.framework/Versions/A/GSS
0x00007fff91d91000 	/usr/lib/libresolv.9.dylib
0x00007fff912c2000 	/usr/lib/libiconv.2.dylib
0x00007fff8b181000 	/System/Library/PrivateFrameworks/Heimdal.framework/Versions/A/Heimdal
0x00007fff912bc000 	/usr/lib/libheimdal-asn1.dylib
0x00007fff80ee8000 	/System/Library/Frameworks/OpenDirectory.framework/Versions/A/OpenDirectory
0x00007fff87998000 	/System/Library/PrivateFrameworks/CommonAuth.framework/Versions/A/CommonAuth
0x00007fff80ece000 	/System/Library/Frameworks/OpenDirectory.framework/Versions/A/Frameworks/CFOpenDirectory.framework/Versions/A/CFOpenDirectory
0x00007fff83041000 	/System/Library/Frameworks/SecurityFoundation.framework/Versions/A/SecurityFoundation
0x00007fff8b939000 	/System/Library/PrivateFrameworks/LanguageModeling.framework/Versions/A/LanguageModeling
0x00007fff915fc000 	/usr/lib/libmarisa.dylib
0x00007fff909df000 	/usr/lib/libChineseTokenizer.dylib
0x00007fff90e76000 	/usr/lib/libcmph.dylib
0x00007fff880ea000 	/System/Library/PrivateFrameworks/CoreEmoji.framework/Versions/A/CoreEmoji
0x00007fff830e1000 	/System/Library/Frameworks/ServiceManagement.framework/Versions/A/ServiceManagement
0x00007fff92192000 	/usr/lib/libxslt.1.dylib
0x00007fff7c2f9000 	/System/Library/Frameworks/Carbon.framework/Versions/A/Frameworks/Ink.framework/Versions/A/Ink
0x00007fff8f5ef000 	/System/Library/PrivateFrameworks/TextureIO.framework/Versions/A/TextureIO
0x00007fff80353000 	/System/Library/Frameworks/Metal.framework/Versions/A/Metal
0x00007fff90d54000 	/usr/lib/libate.dylib
0x00007fff8a783000 	/System/Library/PrivateFrameworks/GPUCompiler.framework/libmetal_timestamp.dylib
0x00007fff80ef7000 	/System/Library/Frameworks/OpenGL.framework/Versions/A/Libraries/libCoreFSCache.dylib
0x00007fff8b812000 	/System/Library/PrivateFrameworks/IOAccelerator.framework/Versions/A/IOAccelerator
0x00007fff7e16a000 	/System/Library/Frameworks/CoreVideo.framework/Versions/A/CoreVideo
0x00007fff90a7e000 	/usr/lib/libFosl_dynamic.dylib
0x00007fff8c411000 	/System/Library/PrivateFrameworks/MetalPerformanceShaders.framework/Versions/A/MetalPerformanceShaders
0x00007fff88ffb000 	/System/Library/PrivateFrameworks/FaceCore.framework/Versions/A/FaceCore
0x00007fff80e7f000 	/System/Library/Frameworks/OpenCL.framework/Versions/A/OpenCL
0x00007fff810ca000 	/System/Library/Frameworks/OpenGL.framework/Versions/A/Libraries/libGLU.dylib
0x00007fff80f00000 	/System/Library/Frameworks/OpenGL.framework/Versions/A/Libraries/libGFXShared.dylib
0x00007fff80f0a000 	/System/Library/Frameworks/OpenGL.framework/Versions/A/Libraries/libGL.dylib
0x00007fff80f16000 	/System/Library/Frameworks/OpenGL.framework/Versions/A/Libraries/libGLImage.dylib
0x00007fff80ef4000 	/System/Library/Frameworks/OpenGL.framework/Versions/A/Libraries/libCVMSPluginSupport.dylib
0x00007fff80efb000 	/System/Library/Frameworks/OpenGL.framework/Versions/A/Libraries/libCoreVMClient.dylib
0x00007fff88a4c000 	/System/Library/PrivateFrameworks/CrashReporterSupport.framework/Versions/A/CrashReporterSupport
0x00007fff8e4bf000 	/System/Library/PrivateFrameworks/Sharing.framework/Versions/A/Sharing
0x00007fff8b830000 	/System/Library/PrivateFrameworks/IconServices.framework/Versions/A/IconServices
0x00007fff8d70d000 	/System/Library/PrivateFrameworks/ProtocolBuffer.framework/Versions/A/ProtocolBuffer
0x00007fff85d5b000 	/System/Library/PrivateFrameworks/Apple80211.framework/Versions/A/Apple80211
0x00007fff7e1a0000 	/System/Library/Frameworks/CoreWLAN.framework/Versions/A/CoreWLAN
0x00007fff888c6000 	/System/Library/PrivateFrameworks/CoreUtils.framework/Versions/A/CoreUtils
0x00007fff7e969000 	/System/Library/Frameworks/IOBluetooth.framework/Versions/A/IOBluetooth
0x00007fff889e6000 	/System/Library/PrivateFrameworks/CoreWiFi.framework/Versions/A/CoreWiFi
0x00007fff7c670000 	/System/Library/Frameworks/CoreBluetooth.framework/Versions/A/CoreBluetooth
0x00007fff7c980000 	/System/Library/Frameworks/CoreDisplay.framework/Versions/A/CoreDisplay
0x00007fff8b81b000 	/System/Library/PrivateFrameworks/IOPresentment.framework/Versions/A/IOPresentment
0x00007fff88ad7000 	/System/Library/PrivateFrameworks/DSExternalDisplay.framework/Versions/A/DSExternalDisplay
0x00007fff88bc2000 	/System/Library/PrivateFrameworks/DebugSymbols.framework/Versions/A/DebugSymbols
0x00007fff886f6000 	/System/Library/PrivateFrameworks/CoreSymbolication.framework/Versions/A/CoreSymbolication
0x00007fff8f0aa000 	/System/Library/PrivateFrameworks/Symbolication.framework/Versions/A/Symbolication
0x00007fff85d7e000 	/System/Library/PrivateFrameworks/AppleFSCompression.framework/Versions/A/AppleFSCompression
0x00007fff8e9b2000 	/System/Library/PrivateFrameworks/SpeechRecognitionCore.framework/Versions/A/SpeechRecognitionCore
0x00007fff8704c000 	/System/Library/PrivateFrameworks/ChunkingLibrary.framework/Versions/A/ChunkingLibrary
0x0000000109339000 	/System/Library/CoreServices/Encodings/libSimplifiedChineseConverter.dylib
0x000000010937d000 	/Library/Java/JavaVirtualMachines/jdk-11.0.1.jdk/Contents/Home/lib/server/libjvm.dylib
0x000000010aa00000 	/Library/Java/JavaVirtualMachines/jdk-11.0.1.jdk/Contents/Home/lib/libverify.dylib
0x000000010aa0c000 	/Library/Java/JavaVirtualMachines/jdk-11.0.1.jdk/Contents/Home/lib/libjava.dylib
0x000000010aa41000 	/Library/Java/JavaVirtualMachines/jdk-11.0.1.jdk/Contents/Home/lib/libzip.dylib
0x000000010aa49000 	/Library/Java/JavaVirtualMachines/jdk-11.0.1.jdk/Contents/Home/lib/libjimage.dylib
0x000000011651c000 	/Library/Java/JavaVirtualMachines/jdk-11.0.1.jdk/Contents/Home/lib/libnio.dylib
0x000000011652a000 	/Library/Java/JavaVirtualMachines/jdk-11.0.1.jdk/Contents/Home/lib/./libnet.dylib
0x00000001165c6000 	/Library/Java/JavaVirtualMachines/jdk-11.0.1.jdk/Contents/Home/lib/libawt.dylib
0x0000000116660000 	/Library/Java/JavaVirtualMachines/jdk-11.0.1.jdk/Contents/Home/lib/./libmlib_image.dylib
0x00000001166c6000 	/System/Library/Frameworks/JavaVM.framework/Versions/A/Frameworks/JavaNativeFoundation.framework/Versions/A/JavaNativeFoundation
0x00000001166db000 	/System/Library/Frameworks/JavaVM.framework/Versions/A/Frameworks/JavaRuntimeSupport.framework/Versions/A/JavaRuntimeSupport
0x00000001166f5000 	/System/Library/Frameworks/JavaVM.framework/Versions/A/JavaVM
0x0000000116702000 	/System/Library/PrivateFrameworks/JavaLaunching.framework/Versions/A/JavaLaunching
0x00007fff7bfe0000 	/System/Library/Frameworks/Carbon.framework/Versions/A/Carbon
0x00007fff7bfe1000 	/System/Library/Frameworks/Carbon.framework/Versions/A/Frameworks/CommonPanels.framework/Versions/A/CommonPanels
0x00007fff7c2ef000 	/System/Library/Frameworks/Carbon.framework/Versions/A/Frameworks/Help.framework/Versions/A/Help
0x00007fff7c2f3000 	/System/Library/Frameworks/Carbon.framework/Versions/A/Frameworks/ImageCapture.framework/Versions/A/ImageCapture
0x00007fff7c391000 	/System/Library/Frameworks/Carbon.framework/Versions/A/Frameworks/OpenScripting.framework/Versions/A/OpenScripting
0x00007fff7c3ac000 	/System/Library/Frameworks/Carbon.framework/Versions/A/Frameworks/Print.framework/Versions/A/Print
0x00007fff7c3ae000 	/System/Library/Frameworks/Carbon.framework/Versions/A/Frameworks/SecurityHI.framework/Versions/A/SecurityHI
0x000000011670e000 	/Library/Java/JavaVirtualMachines/jdk-11.0.1.jdk/Contents/Home/lib/libawt_lwawt.dylib
0x00000001167bb000 	/Library/Java/JavaVirtualMachines/jdk-11.0.1.jdk/Contents/Home/lib/./libosxapp.dylib
0x00007fff7e4a3000 	/System/Library/Frameworks/ExceptionHandling.framework/Versions/A/ExceptionHandling
0x000000011698d000 	/Library/Java/JavaVirtualMachines/jdk-11.0.1.jdk/Contents/Home/lib/libfontmanager.dylib
0x000000012a30c000 	/Library/Java/JavaVirtualMachines/jdk-11.0.1.jdk/Contents/Home/lib/./libfreetype.dylib
0x00007fff88435000 	/System/Library/PrivateFrameworks/CoreServicesInternal.framework/Versions/A/CoreServicesInternal
0x00007fff776dd000 	/System/Library/CoreServices/RawCamera.bundle/Contents/MacOS/RawCamera
0x00007fff79587000 	/System/Library/Frameworks/Accelerate.framework/Versions/A/Frameworks/vImage.framework/Versions/A/Libraries/libCGInterfaces.dylib
0x00007fff7b630000 	/System/Library/Frameworks/ApplicationServices.framework/Versions/A/Frameworks/ATS.framework/Versions/A/Resources/libTrueTypeScaler.dylib
0x000000012dda5000 	/System/Library/Frameworks/OpenGL.framework/Resources/GLEngine.bundle/GLEngine
0x00007fff80f53000 	/System/Library/Frameworks/OpenGL.framework/Versions/A/Libraries/libGLProgrammability.dylib
0x000000012df8a000 	/System/Library/Extensions/AppleIntelSKLGraphicsGLDriver.bundle/Contents/MacOS/AppleIntelSKLGraphicsGLDriver
0x00007fff8a790000 	/System/Library/PrivateFrameworks/GPUSupport.framework/Versions/A/Libraries/libGPUSupportMercury.dylib
0x000000012bda6000 	/System/Library/Frameworks/OpenGL.framework/Resources//GLRendererFloat.bundle/GLRendererFloat
0x00007fff80e76000 	/System/Library/Frameworks/OpenCL.framework/Versions/A/Libraries/libcldcpuengine.dylib
0x00007fff90f5a000 	/usr/lib/libcrypto.0.9.8.dylib
0x00007fff8f729000 	/System/Library/PrivateFrameworks/TrustEvaluationAgent.framework/Versions/A/TrustEvaluationAgent
0x000000012cf3f000 	/System/Library/Extensions/AppleIntelSKLGraphicsMTLDriver.bundle/Contents/MacOS/AppleIntelSKLGraphicsMTLDriver
0x000000012be91000 	/Library/Java/JavaVirtualMachines/jdk-11.0.1.jdk/Contents/Home/lib/libosxui.dylib
0x00007fff9038a000 	/System/Library/PrivateFrameworks/ViewBridge.framework/Versions/A/ViewBridge
0x00007fff90895000 	/System/Library/PrivateFrameworks/XPCService.framework/Versions/A/XPCService
0x00007fff85d4d000 	/System/Library/PrivateFrameworks/AppSandbox.framework/Versions/A/AppSandbox
0x00007fff91dae000 	/usr/lib/libsandbox.1.dylib
0x00007fff85d31000 	/System/Library/PrivateFrameworks/AppContainer.framework/Versions/A/AppContainer
0x00007fff8e42d000 	/System/Library/PrivateFrameworks/SecCodeWrapper.framework/Versions/A/SecCodeWrapper
0x00007fff90cad000 	/usr/lib/libMatch.1.dylib
0x00007fff87074000 	/System/Library/PrivateFrameworks/CloudDocs.framework/Versions/A/CloudDocs
0x00007fff7c3b8000 	/System/Library/Frameworks/CloudKit.framework/Versions/A/CloudKit
0x00007fff8bbec000 	/System/Library/PrivateFrameworks/MMCS.framework/Versions/A/MMCS
0x00007fff7d78f000 	/System/Library/Frameworks/CoreLocation.framework/Versions/A/CoreLocation
0x00007fff8d6d2000 	/System/Library/PrivateFrameworks/ProtectedCloudStorage.framework/Versions/A/ProtectedCloudStorage
0x00007fff85fa9000 	/System/Library/PrivateFrameworks/AssetCacheServices.framework/Versions/A/AssetCacheServices
0x00007fff8aa89000 	/System/Library/PrivateFrameworks/GeoServices.framework/Versions/A/GeoServices


VM Arguments:
jvm_args: -Dfile.encoding=UTF-8 
java_command: renderer.Renderer
java_class_path (initial): /Users/Patrick/Desktop/Assignment3/bin:/Users/Patrick/.p2/pool/plugins/org.junit.jupiter.api_5.3.1.v20181005-1442.jar:/Users/Patrick/.p2/pool/plugins/org.junit.jupiter.engine_5.3.1.v20181005-1442.jar:/Users/Patrick/.p2/pool/plugins/org.junit.jupiter.migrationsupport_5.3.1.v20181005-1442.jar:/Users/Patrick/.p2/pool/plugins/org.junit.jupiter.params_5.3.1.v20181005-1442.jar:/Users/Patrick/.p2/pool/plugins/org.junit.platform.commons_1.3.1.v20181005-1442.jar:/Users/Patrick/.p2/pool/plugins/org.junit.platform.engine_1.3.1.v20181005-1442.jar:/Users/Patrick/.p2/pool/plugins/org.junit.platform.launcher_1.3.1.v20181005-1442.jar:/Users/Patrick/.p2/pool/plugins/org.junit.platform.runner_1.3.1.v20181005-1442.jar:/Users/Patrick/.p2/pool/plugins/org.junit.platform.suite.api_1.3.1.v20181005-1442.jar:/Users/Patrick/.p2/pool/plugins/org.junit.vintage.engine_5.3.1.v20181005-1442.jar:/Users/Patrick/.p2/pool/plugins/org.opentest4j_1.1.1.v20181005-1442.jar:/Users/Patrick/.p2/pool/plugins/org.apiguardian_1.0.0.v20181005-1442.jar:/Users/Patrick/.p2/pool/plugins/org.junit_4.12.0.v201504281640/junit.jar:/Users/Patrick/.p2/pool/plugins/org.hamcrest.core_1.3.0.v20180420-1519.jar
Launcher Type: SUN_STANDARD

[Global flags]
     intx CICompilerCount                          = 3                                         {product} {ergonomic}
     uint ConcGCThreads                            = 1                                         {product} {ergonomic}
     uint G1ConcRefinementThreads                  = 4                                         {product} {ergonomic}
   size_t G1HeapRegionSize                         = 1048576                                   {product} {ergonomic}
    uintx GCDrainStackTargetSize                   = 64                                        {product} {ergonomic}
   size_t InitialHeapSize                          = 134217728                                 {product} {ergonomic}
   size_t MarkStackSize                            = 4194304                                   {product} {ergonomic}
   size_t MaxHeapSize                              = 2147483648                                {product} {ergonomic}
   size_t MaxNewSize                               = 1287651328                                {product} {ergonomic}
   size_t MinHeapDeltaBytes                        = 1048576                                   {product} {ergonomic}
    uintx NonNMethodCodeHeapSize                   = 5830092                                {pd product} {ergonomic}
    uintx NonProfiledCodeHeapSize                  = 122914074                              {pd product} {ergonomic}
    uintx ProfiledCodeHeapSize                     = 122914074                              {pd product} {ergonomic}
    uintx ReservedCodeCacheSize                    = 251658240                              {pd product} {ergonomic}
     bool SegmentedCodeCache                       = true                                      {product} {ergonomic}
     bool UseCompressedClassPointers               = true                                 {lp64_product} {ergonomic}
     bool UseCompressedOops                        = true                                 {lp64_product} {ergonomic}
     bool UseG1GC                                  = true                                      {product} {ergonomic}

Logging:
Log output configuration:
 #0: stdout all=warning uptime,level,tags
 #1: stderr all=off uptime,level,tags

Environment Variables:
PATH=/usr/bin:/bin:/usr/sbin:/sbin
SHELL=/bin/bash

Signal Handlers:
SIGSEGV: [libjvm.dylib+0x7525b4], sa_mask[0]=11111111011111110111111111111111, sa_flags=SA_ONSTACK|SA_RESTART|SA_SIGINFO
SIGBUS: [libjvm.dylib+0x7525b4], sa_mask[0]=11111111011111110111111111111111, sa_flags=SA_RESTART|SA_SIGINFO
SIGFPE: [libjvm.dylib+0x7525b4], sa_mask[0]=11111111011111110111111111111111, sa_flags=SA_RESTART|SA_SIGINFO
SIGPIPE: [libjvm.dylib+0x602b72], sa_mask[0]=11111111011111110111111111111111, sa_flags=SA_RESTART|SA_SIGINFO
SIGXFSZ: [libjvm.dylib+0x602b72], sa_mask[0]=11111111011111110111111111111111, sa_flags=SA_RESTART|SA_SIGINFO
SIGILL: [libjvm.dylib+0x7525b4], sa_mask[0]=11111111011111110111111111111111, sa_flags=SA_RESTART|SA_SIGINFO
SIGUSR2: [libjvm.dylib+0x603157], sa_mask[0]=00100000000000000000000000000000, sa_flags=SA_RESTART|SA_SIGINFO
SIGHUP: [libjvm.dylib+0x601bb3], sa_mask[0]=11111111011111110111111111111111, sa_flags=SA_RESTART|SA_SIGINFO
SIGINT: [libjvm.dylib+0x601bb3], sa_mask[0]=11111111011111110111111111111111, sa_flags=SA_RESTART|SA_SIGINFO
SIGTERM: [libjvm.dylib+0x601bb3], sa_mask[0]=11111111011111110111111111111111, sa_flags=SA_RESTART|SA_SIGINFO
SIGQUIT: [libjvm.dylib+0x601bb3], sa_mask[0]=11111111011111110111111111111111, sa_flags=SA_RESTART|SA_SIGINFO


---------------  S Y S T E M  ---------------

OS:uname:Darwin 16.7.0 Darwin Kernel Version 16.7.0: Wed Feb 27 00:29:57 PST 2019; root:xnu-3789.73.43~1/RELEASE_X86_64 x86_64
rlimit: STACK 8192k, CORE 0k, NPROC 709, NOFILE 10240, AS infinity, DATA infinity, FSIZE infinity
load average:1.58 1.55 1.57

CPU:total 4 (initial active 4) (2 cores per cpu, 2 threads per core) family 6 model 78 stepping 3, cmov, cx8, fxsr, mmx, sse, sse2, sse3, ssse3, sse4.1, sse4.2, popcnt, avx, avx2, aes, clmul, erms, rtm, 3dnowpref, lzcnt, ht, tsc, tscinvbit, bmi1, bmi2, adx, fma

Memory: 4k page, physical 8388608k(465996k free)

vm_info: Java HotSpot(TM) 64-Bit Server VM (11.0.1+13-LTS) for bsd-amd64 JRE (11.0.1+13-LTS), built on Oct  6 2018 12:16:08 by "mach5one" with gcc 4.2.1 Compatible Apple LLVM 9.1.0 (clang-902.0.39.2)

END.
